{
  "/Users/manny/Documents/github/payforms-api/src/db.ts": {
    "path": "/Users/manny/Documents/github/payforms-api/src/db.ts",
    "statementMap": {
      "0": { "start": { "line": 4, "column": 0 }, "end": { "line": 4, "column": 24 } },
      "1": { "start": { "line": 5, "column": 0 }, "end": { "line": 5, "column": 32 } },
      "2": { "start": { "line": 9, "column": 0 }, "end": { "line": 9, "column": 9 } },
      "3": { "start": { "line": 14, "column": 11 }, "end": { "line": 31, "column": 2 } },
      "4": { "start": { "line": 56, "column": 9 }, "end": { "line": 56, "column": 11 } },
      "5": { "start": { "line": 35, "column": 26 }, "end": { "line": 51, "column": 2 } },
      "6": { "start": { "line": 35, "column": 54 }, "end": { "line": 51, "column": 2 } },
      "7": { "start": { "line": 36, "column": 2 }, "end": { "line": 36, "column": 28 } },
      "8": { "start": { "line": 38, "column": 4 }, "end": { "line": 38, "column": 44 } },
      "9": { "start": { "line": 39, "column": 4 }, "end": { "line": 39, "column": 29 } },
      "10": { "start": { "line": 40, "column": 4 }, "end": { "line": 40, "column": 42 } },
      "11": { "start": { "line": 41, "column": 4 }, "end": { "line": 43, "column": null } },
      "12": { "start": { "line": 42, "column": 6 }, "end": { "line": 42, "column": 17 } },
      "13": { "start": { "line": 44, "column": 4 }, "end": { "line": 44, "column": 23 } },
      "14": { "start": { "line": 46, "column": 4 }, "end": { "line": 46, "column": 36 } },
      "15": { "start": { "line": 47, "column": 4 }, "end": { "line": 47, "column": 21 } },
      "16": { "start": { "line": 48, "column": 4 }, "end": { "line": 48, "column": 23 } },
      "17": { "start": { "line": 49, "column": 4 }, "end": { "line": 49, "column": 20 } },
      "18": { "start": { "line": 55, "column": 0 }, "end": { "line": 55, "column": 33 } }
    },
    "fnMap": {
      "0": {
        "name": "(anonymous_14)",
        "decl": { "start": { "line": 35, "column": 26 }, "end": { "line": 35, "column": 33 } },
        "loc": { "start": { "line": 35, "column": 54 }, "end": { "line": 51, "column": 2 } }
      },
      "1": {
        "name": "(anonymous_15)",
        "decl": { "start": { "line": 35, "column": 54 }, "end": { "line": 35, "column": null } },
        "loc": { "start": { "line": 35, "column": 54 }, "end": { "line": 51, "column": 2 } }
      }
    },
    "branchMap": {
      "0": {
        "loc": { "start": { "line": 19, "column": 17 }, "end": { "line": 19, "column": 36 } },
        "type": "binary-expr",
        "locations": [
          { "start": { "line": 19, "column": 17 }, "end": { "line": 19, "column": 36 } },
          { "start": { "line": 19, "column": 40 }, "end": { "line": 19, "column": 44 } }
        ]
      },
      "1": {
        "loc": { "start": { "line": 25, "column": 16 }, "end": { "line": 25, "column": 39 } },
        "type": "binary-expr",
        "locations": [
          { "start": { "line": 25, "column": 16 }, "end": { "line": 25, "column": 39 } },
          { "start": { "line": 25, "column": 43 }, "end": { "line": 25, "column": 44 } }
        ]
      },
      "2": {
        "loc": { "start": { "line": 26, "column": 16 }, "end": { "line": 26, "column": 39 } },
        "type": "binary-expr",
        "locations": [
          { "start": { "line": 26, "column": 16 }, "end": { "line": 26, "column": 39 } },
          { "start": { "line": 26, "column": 43 }, "end": { "line": 26, "column": 45 } }
        ]
      },
      "3": {
        "loc": { "start": { "line": 41, "column": 4 }, "end": { "line": 43, "column": null } },
        "type": "if",
        "locations": [
          { "start": { "line": 41, "column": 4 }, "end": { "line": 43, "column": null } },
          { "start": { "line": 41, "column": 4 }, "end": { "line": 43, "column": null } }
        ]
      }
    },
    "s": {
      "0": 1,
      "1": 1,
      "2": 1,
      "3": 1,
      "4": 1,
      "5": 1,
      "6": 2,
      "7": 2,
      "8": 2,
      "9": 4,
      "10": 1,
      "11": 1,
      "12": 1,
      "13": 1,
      "14": 1,
      "15": 1,
      "16": 1,
      "17": 1,
      "18": 1
    },
    "f": { "0": 2, "1": 2 },
    "b": { "0": [1, 0], "1": [1, 0], "2": [1, 0], "3": [1, 0] }
  }
}
